
💎 小红书钻石科普文案 - 2026-03-23

==================================================

【第 1 篇】

==================================================
📱 小红书文案
==================================================

📌 标题：柜姐不会告诉你的撤柜优势真相！

📝 正文：

✅ 撤柜也是GIA证书！品质一模一样，价格香爆～

姐妹们记住了吗？点赞收藏不迷路～ 💕

#钻石科普 #避坑指南 #求婚钻戒 #婚戒

==================================================
📸 配图：专柜vs撤柜价格对比表，差价一目了然
==================================================


【第 2 篇】

==================================================
📱 小红书文案
==================================================

📌 标题：别被坑！冷知识避雷指南来了！

📝 正文：

🌍 钻石不稀有！只是戴比尔斯控制产量罢了～

姐妹们记住了吗？点赞收藏不迷路～ 💕

#钻石科普 #珠宝知识 #钻戒选购 #省钱攻略

==================================================
📸 配图：非洲之星图片，世界最大钻石
==================================================


【第 3 篇】

==================================================
📱 小红书文案
==================================================

📌 标题：干货满满！4C标准小白必看！

📝 正文：

🔍 净度VVS/VS/SI，肉眼无差就够用！别被忽悠多花钱～

姐妹们记住了吗？点赞收藏不迷路～ 💕

#GIA钻石 #避坑指南 #钻石科普 #钻戒选购

==================================================
📸 配图：不同切工对比图，火彩差异明显
==================================================

✅ 文案已保存到：/Users/shangguan/.qclaw/workspace/diamond_posts_20260323.md

💎 小红书钻石科普文案 - 2026-03-24

==================================================

【第 1 篇】

==================================================
📱 小红书文案
==================================================

📌 标题：姐妹们！4C标准一定要知道的事！

📝 正文：

⚖️ 克拉不是越大越好！切工差的大钻不如切工好的小钻～

姐妹们记住了吗？点赞收藏不迷路～ 💕

#省钱攻略 #钻戒选购 #避坑指南 #钻石冷知识

==================================================
📸 配图：不同切工对比图，火彩差异明显
==================================================


【第 2 篇】

==================================================
📱 小红书文案
==================================================

📌 标题：干货满满！保养知识小白必看！

📝 正文：

🧼 钻石亲油！别摸钻石表面，会变暗～

姐妹们记住了吗？点赞收藏不迷路～ 💕

#钻石4C #撤柜钻 #钻石科普 #GIA钻石

==================================================
📸 配图：钻戒存放方式，单独包装很重要
==================================================


【第 3 篇】

==================================================
📱 小红书文案
==================================================

📌 标题：撤柜钻真的香！撤柜优势省下一半钱！

📝 正文：

💰 撤柜钻=柜姐提成省掉=你省30-50%！

姐妹们记住了吗？点赞收藏不迷路～ 💕

#珠宝知识 #GIA钻石 #钻戒选购 #钻石4C

==================================================
📸 配图：专柜vs撤柜价格对比表，差价一目了然
==================================================

✅ 文案已保存到：/Users/shangguan/.qclaw/workspace/diamond_posts_20260324.md

💎 小红书钻石科普文案 - 2026-03-25

==================================================

【第 1 篇】

==================================================
📱 小红书文案
==================================================

📌 标题：姐妹们！保养知识一定要知道的事！

📝 正文：

📦 单独存放！钻石硬度最高，会划伤其他珠宝～

姐妹们记住了吗？点赞收藏不迷路～ 💕

#珠宝知识 #避坑指南 #撤柜钻 #钻石科普

==================================================
📸 配图：钻戒存放方式，单独包装很重要
==================================================


【第 2 篇】

==================================================
📱 小红书文案
==================================================

📌 标题：后悔没早知道！撤柜优势避坑指南

📝 正文：

🏷️ 同品质GIA钻，专柜5万，撤柜2.5万！

姐妹们记住了吗？点赞收藏不迷路～ 💕

#GIA钻石 #求婚钻戒 #省钱攻略 #钻石保养

==================================================
📸 配图：GIA证书+裸钻实拍，品质有保障
==================================================


【第 3 篇】

==================================================
📱 小红书文案
==================================================

📌 标题：省钱攻略｜4C标准这样选立省几万！

📝 正文：

🌈 颜色D-Z，D色最白最珍贵！H色性价比最高～

姐妹们记住了吗？点赞收藏不迷路～ 💕

#婚戒 #钻石保养 #GIA钻石 #避坑指南

==================================================
📸 配图：4C标准示意图，四个维度一目了然
==================================================

✅ 文案已保存到：/Users/shangguan/.qclaw/workspace/diamond_posts_20260325.md

💎 小红书钻石科普文案 - 2026-03-26

==================================================

【第 1 篇】

==================================================
📱 小红书文案
==================================================

📌 标题：撤柜钻真的香！避坑指南省下一半钱！

📝 正文：

🚫 警惕咖钻！带褐色调，价值大打折扣～

姐妹们记住了吗？点赞收藏不迷路～ 💕

#避坑指南 #珠宝知识 #撤柜钻 #钻石科普

==================================================
📸 配图：咖钻vs白钻对比，褐色调一眼看出
==================================================


【第 2 篇】

==================================================
📱 小红书文案
==================================================

📌 标题：柜姐不会告诉你的保养知识真相！

📝 正文：

🚿 洗澡摘钻戒！沐浴露会让钻石失去光泽～

姐妹们记住了吗？点赞收藏不迷路～ 💕

#钻石科普 #钻石冷知识 #珠宝知识 #钻石4C

==================================================
📸 配图：爪镶检查示意图，定期检查防脱落
==================================================


【第 3 篇】

==================================================
📱 小红书文案
==================================================

📌 标题：省钱攻略｜冷知识这样选立省几万！

📝 正文：

🧊 钻石其实是碳！和铅笔芯同元素，结构不同而已～

姐妹们记住了吗？点赞收藏不迷路～ 💕

#钻戒选购 #钻石科普 #婚戒 #钻石4C

==================================================
📸 配图：钻石结构图，碳原子排列
==================================================

✅ 文案已保存到：/Users/shangguan/.qclaw/workspace/diamond_posts_20260326.md

💎 小红书钻石科普文案 - 2026-03-27

==================================================

【第 1 篇】

==================================================
📱 小红书文案
==================================================

📌 标题：别被坑！4C标准避雷指南来了！

📝 正文：

💎 钻石4C是什么？切工、颜色、净度、克拉！缺一不可～

姐妹们记住了吗？点赞收藏不迷路～ 💕

#撤柜钻 #钻石保养 #珠宝知识 #钻石4C

==================================================
📸 配图：不同切工对比图，火彩差异明显
==================================================


【第 2 篇】

==================================================
📱 小红书文案
==================================================

📌 标题：别被坑！保养知识避雷指南来了！

📝 正文：

📦 单独存放！钻石硬度最高，会划伤其他珠宝～

姐妹们记住了吗？点赞收藏不迷路～ 💕

#钻石科普 #珠宝知识 #求婚钻戒 #钻石4C

==================================================
📸 配图：钻戒存放方式，单独包装很重要
==================================================


【第 3 篇】

==================================================
📱 小红书文案
==================================================

📌 标题：别被坑！冷知识避雷指南来了！

📝 正文：

💍 婚戒戴左手无名指=古埃及相信这里有爱情静脉～

姐妹们记住了吗？点赞收藏不迷路～ 💕

#钻石冷知识 #撤柜钻 #GIA钻石 #避坑指南

==================================================
📸 配图：非洲之星图片，世界最大钻石
==================================================

✅ 文案已保存到：/Users/shangguan/.qclaw/workspace/diamond_posts_20260327.md

💎 小红书钻石科普文案 - 2026-03-28

==================================================

【第 1 篇】

==================================================
📱 小红书文案
==================================================

📌 标题：避坑指南｜看完这篇就够了！

📝 正文：

🚫 警惕咖钻！带褐色调，价值大打折扣～

姐妹们记住了吗？点赞收藏不迷路～ 💕

#钻石4C #避坑指南 #钻石保养 #省钱攻略

==================================================
📸 配图：真假证书对比，教你识别假证
==================================================


【第 2 篇】

==================================================
📱 小红书文案
==================================================

📌 标题：省钱攻略｜选购技巧这样选立省几万！

📝 正文：

💡 预算有限？选H色+SI净度+3EX切工，完美平衡！

姐妹们记住了吗？点赞收藏不迷路～ 💕

#求婚钻戒 #省钱攻略 #钻石保养 #撤柜钻

==================================================
📸 配图：不同形状钻石对比，圆钻vs异形钻
==================================================


【第 3 篇】

==================================================
📱 小红书文案
==================================================

📌 标题：干货满满！撤柜优势小白必看！

📝 正文：

🏷️ 同品质GIA钻，专柜5万，撤柜2.5万！

姐妹们记住了吗？点赞收藏不迷路～ 💕

#GIA钻石 #避坑指南 #钻石4C #钻石冷知识

==================================================
📸 配图：同品质钻石对比，专柜撤柜一模一样
==================================================

✅ 文案已保存到：/Users/shangguan/.qclaw/workspace/diamond_posts_20260328.md

💎 小红书钻石科普文案 - 2026-03-29

==================================================

【第 1 篇】

==================================================
📱 小红书文案
==================================================

📌 标题：省钱攻略｜选购技巧这样选立省几万！

📝 正文：

⚠️ 荧光要慎选！强荧光影响火彩，无荧光最稳～

姐妹们记住了吗？点赞收藏不迷路～ 💕

#钻石科普 #撤柜钻 #钻石4C #珠宝知识

==================================================
📸 配图：GIA证书样本，教你看懂证书
==================================================


【第 2 篇】

==================================================
📱 小红书文案
==================================================

📌 标题：柜姐不会告诉你的保养知识真相！

📝 正文：

🔬 定期清洗！温水+洗洁精+软毛刷，自己就能洗～

姐妹们记住了吗？点赞收藏不迷路～ 💕

#钻石4C #钻石冷知识 #婚戒 #避坑指南

==================================================
📸 配图：钻戒存放方式，单独包装很重要
==================================================


【第 3 篇】

==================================================
📱 小红书文案
==================================================

📌 标题：别被坑！避坑指南避雷指南来了！

📝 正文：

🚫 别被「南非钻」忽悠！产地不影响品质，4C才是王道～

姐妹们记住了吗？点赞收藏不迷路～ 💕

#钻石保养 #钻石冷知识 #求婚钻戒 #省钱攻略

==================================================
📸 配图：奶钻vs正常钻对比，雾蒙蒙很明显
==================================================

✅ 文案已保存到：/Users/shangguan/.qclaw/workspace/diamond_posts_20260329.md

💎 小红书钻石科普文案 - 2026-03-30

==================================================

【第 1 篇】

==================================================
📱 小红书文案
==================================================

📌 标题：后悔没早知道！选购技巧避坑指南

📝 正文：

⚠️ 荧光要慎选！强荧光影响火彩，无荧光最稳～

姐妹们记住了吗？点赞收藏不迷路～ 💕

#GIA钻石 #钻石保养 #钻石科普 #钻石冷知识

==================================================
📸 配图：戒托款式对比，六爪vs四爪
==================================================


【第 2 篇】

==================================================
📱 小红书文案
==================================================

📌 标题：柜姐不会告诉你的撤柜优势真相！

📝 正文：

💰 撤柜钻=柜姐提成省掉=你省30-50%！

姐妹们记住了吗？点赞收藏不迷路～ 💕

#钻戒选购 #婚戒 #撤柜钻 #珠宝知识

==================================================
📸 配图：GIA证书+裸钻实拍，品质有保障
==================================================


【第 3 篇】

==================================================
📱 小红书文案
==================================================

📌 标题：柜姐不会告诉你的冷知识真相！

📝 正文：

⭐ 最大的钻石=非洲之星530克拉，在英王权杖上～

姐妹们记住了吗？点赞收藏不迷路～ 💕

#钻石冷知识 #钻石科普 #撤柜钻 #钻石保养

==================================================
📸 配图：钻石结构图，碳原子排列
==================================================

✅ 文案已保存到：/Users/shangguan/.qclaw/workspace/diamond_posts_20260330.md

💎 小红书钻石科普文案 - 2026-03-31

==================================================

【第 1 篇】

==================================================
📱 小红书文案
==================================================

📌 标题：撤柜钻真的香！冷知识省下一半钱！

📝 正文：

⭐ 最大的钻石=非洲之星530克拉，在英王权杖上～

姐妹们记住了吗？点赞收藏不迷路～ 💕

#珠宝知识 #钻石保养 #避坑指南 #求婚钻戒

==================================================
📸 配图：婚戒佩戴位置图，左手无名指
==================================================


【第 2 篇】

==================================================
📱 小红书文案
==================================================

📌 标题：姐妹们！选购技巧一定要知道的事！

📝 正文：

💡 预算有限？选H色+SI净度+3EX切工，完美平衡！

姐妹们记住了吗？点赞收藏不迷路～ 💕

#钻石冷知识 #撤柜钻 #钻石科普 #避坑指南

==================================================
📸 配图：戒托款式对比，六爪vs四爪
==================================================


【第 3 篇】

==================================================
📱 小红书文案
==================================================

📌 标题：保养知识｜看完这篇就够了！

📝 正文：

🚿 洗澡摘钻戒！沐浴露会让钻石失去光泽～

姐妹们记住了吗？点赞收藏不迷路～ 💕

#撤柜钻 #婚戒 #珠宝知识 #钻石4C

==================================================
📸 配图：钻石清洗步骤图解，自己在家洗
==================================================

✅ 文案已保存到：/Users/shangguan/.qclaw/workspace/diamond_posts_20260331.md

💎 小红书钻石科普文案 - 2026-04-01

==================================================

【第 1 篇】

==================================================
📱 小红书文案
==================================================

📌 标题：撤柜钻真的香！撤柜优势省下一半钱！

📝 正文：

📈 钻石保值看4C！撤柜钻保值率和专柜一样～

姐妹们记住了吗？点赞收藏不迷路～ 💕

#求婚钻戒 #珠宝知识 #钻石科普 #钻戒选购

==================================================
📸 配图：GIA证书+裸钻实拍，品质有保障
==================================================


【第 2 篇】

==================================================
📱 小红书文案
==================================================

📌 标题：避坑指南｜看完这篇就够了！

📝 正文：

🚫 柜台钻溢价高！品牌钻=同品质裸钻×2-3倍价格～

姐妹们记住了吗？点赞收藏不迷路～ 💕

#钻石4C #婚戒 #钻石科普 #钻石冷知识

==================================================
📸 配图：咖钻vs白钻对比，褐色调一眼看出
==================================================


【第 3 篇】

==================================================
📱 小红书文案
==================================================

📌 标题：后悔没早知道！选购技巧避坑指南

📝 正文：

🛒 买钻戒先看证书！GIA>IGI>国检，认准GIA！

姐妹们记住了吗？点赞收藏不迷路～ 💕

#省钱攻略 #钻石保养 #钻石科普 #钻石冷知识

==================================================
📸 配图：GIA证书样本，教你看懂证书
==================================================

✅ 文案已保存到：/Users/shangguan/.qclaw/workspace/diamond_posts_20260401.md

💎 小红书钻石科普文案 - 2026-04-02

==================================================

【第 1 篇】

==================================================
📱 小红书文案
==================================================

📌 标题：后悔没早知道！撤柜优势避坑指南

📝 正文：

📈 钻石保值看4C！撤柜钻保值率和专柜一样～

姐妹们记住了吗？点赞收藏不迷路～ 💕

#钻石冷知识 #钻戒选购 #钻石保养 #求婚钻戒

==================================================
📸 配图：专柜vs撤柜价格对比表，差价一目了然
==================================================


【第 2 篇】

==================================================
📱 小红书文案
==================================================

📌 标题：省钱攻略｜避坑指南这样选立省几万！

📝 正文：

🚫 警惕咖钻！带褐色调，价值大打折扣～

姐妹们记住了吗？点赞收藏不迷路～ 💕

#GIA钻石 #撤柜钻 #钻石4C #钻石冷知识

==================================================
📸 配图：奶钻vs正常钻对比，雾蒙蒙很明显
==================================================


【第 3 篇】

==================================================
📱 小红书文案
==================================================

📌 标题：后悔没早知道！4C标准避坑指南

📝 正文：

⚖️ 克拉不是越大越好！切工差的大钻不如切工好的小钻～

姐妹们记住了吗？点赞收藏不迷路～ 💕

#钻戒选购 #钻石保养 #钻石科普 #婚戒

==================================================
📸 配图：4C标准示意图，四个维度一目了然
==================================================

✅ 文案已保存到：/Users/shangguan/.qclaw/workspace/diamond_posts_20260402.md

💎 小红书钻石科普文案 - 2026-04-03

==================================================

【第 1 篇】

==================================================
📱 小红书文案
==================================================

📌 标题：柜姐不会告诉你的撤柜优势真相！

📝 正文：

💰 撤柜钻=柜姐提成省掉=你省30-50%！

姐妹们记住了吗？点赞收藏不迷路～ 💕

#钻戒选购 #婚戒 #GIA钻石 #求婚钻戒

==================================================
📸 配图：专柜vs撤柜价格对比表，差价一目了然
==================================================


【第 2 篇】

==================================================
📱 小红书文案
==================================================

📌 标题：干货满满！冷知识小白必看！

📝 正文：

⭐ 最大的钻石=非洲之星530克拉，在英王权杖上～

姐妹们记住了吗？点赞收藏不迷路～ 💕

#婚戒 #撤柜钻 #GIA钻石 #钻石冷知识

==================================================
📸 配图：钻石结构图，碳原子排列
==================================================


【第 3 篇】

==================================================
📱 小红书文案
==================================================

📌 标题：撤柜钻真的香！避坑指南省下一半钱！

📝 正文：

🚫 证书要对版！GIA证书号去官网查，别造假证骗你～

姐妹们记住了吗？点赞收藏不迷路～ 💕

#避坑指南 #钻戒选购 #钻石4C #钻石冷知识

==================================================
📸 配图：咖钻vs白钻对比，褐色调一眼看出
==================================================

✅ 文案已保存到：/Users/shangguan/.qclaw/workspace/diamond_posts_20260403.md

💎 小红书钻石科普文案 - 2026-04-04

==================================================

【第 1 篇】

==================================================
📱 小红书文案
==================================================

📌 标题：姐妹们！撤柜优势一定要知道的事！

📝 正文：

📈 钻石保值看4C！撤柜钻保值率和专柜一样～

姐妹们记住了吗？点赞收藏不迷路～ 💕

#钻石科普 #钻石冷知识 #求婚钻戒 #婚戒

==================================================
📸 配图：专柜vs撤柜价格对比表，差价一目了然
==================================================


【第 2 篇】

==================================================
📱 小红书文案
==================================================

📌 标题：撤柜钻真的香！冷知识省下一半钱！

📝 正文：

⭐ 最大的钻石=非洲之星530克拉，在英王权杖上～

姐妹们记住了吗？点赞收藏不迷路～ 💕

#钻石冷知识 #钻戒选购 #钻石科普 #求婚钻戒

==================================================
📸 配图：婚戒佩戴位置图，左手无名指
==================================================


【第 3 篇】

==================================================
📱 小红书文案
==================================================

📌 标题：省钱攻略｜保养知识这样选立省几万！

📝 正文：

📦 单独存放！钻石硬度最高，会划伤其他珠宝～

姐妹们记住了吗？点赞收藏不迷路～ 💕

#求婚钻戒 #婚戒 #避坑指南 #钻石4C

==================================================
📸 配图：钻石清洗步骤图解，自己在家洗
==================================================

✅ 文案已保存到：/Users/shangguan/.qclaw/workspace/diamond_posts_20260404.md

💎 小红书钻石科普文案 - 2026-04-06

==================================================

【第 1 篇】

==================================================
📱 小红书文案
==================================================

📌 标题：撤柜钻真的香！撤柜优势省下一半钱！

📝 正文：

✅ 撤柜也是GIA证书！品质一模一样，价格香爆～

姐妹们记住了吗？点赞收藏不迷路～ 💕

#钻石科普 #珠宝知识 #避坑指南 #撤柜钻

==================================================
📸 配图：同品质钻石对比，专柜撤柜一模一样
==================================================


【第 2 篇】

==================================================
📱 小红书文案
==================================================

📌 标题：姐妹们！避坑指南一定要知道的事！

📝 正文：

🚫 别被「南非钻」忽悠！产地不影响品质，4C才是王道～

姐妹们记住了吗？点赞收藏不迷路～ 💕

#求婚钻戒 #撤柜钻 #省钱攻略 #避坑指南

==================================================
📸 配图：咖钻vs白钻对比，褐色调一眼看出
==================================================


【第 3 篇】

==================================================
📱 小红书文案
==================================================

📌 标题：干货满满！4C标准小白必看！

📝 正文：

🔍 净度VVS/VS/SI，肉眼无差就够用！别被忽悠多花钱～

姐妹们记住了吗？点赞收藏不迷路～ 💕

#求婚钻戒 #撤柜钻 #钻戒选购 #省钱攻略

==================================================
📸 配图：D-Z颜色渐变图，白到黄的变化
==================================================

✅ 文案已保存到：/Users/shangguan/.qclaw/workspace/diamond_posts_20260406.md

💎 小红书钻石科普文案 - 2026-04-07

==================================================

【第 1 篇】

==================================================
📱 小红书文案
==================================================

📌 标题：撤柜钻真的香！冷知识省下一半钱！

📝 正文：

⭐ 最大的钻石=非洲之星530克拉，在英王权杖上～

姐妹们记住了吗？点赞收藏不迷路～ 💕

#撤柜钻 #婚戒 #钻石科普 #珠宝知识

==================================================
📸 配图：非洲之星图片，世界最大钻石
==================================================


【第 2 篇】

==================================================
📱 小红书文案
==================================================

📌 标题：姐妹们！4C标准一定要知道的事！

📝 正文：

💎 钻石4C是什么？切工、颜色、净度、克拉！缺一不可～

姐妹们记住了吗？点赞收藏不迷路～ 💕

#GIA钻石 #钻石保养 #钻石科普 #撤柜钻

==================================================
📸 配图：不同切工对比图，火彩差异明显
==================================================


【第 3 篇】

==================================================
📱 小红书文案
==================================================

📌 标题：别被坑！保养知识避雷指南来了！

📝 正文：

🔬 定期清洗！温水+洗洁精+软毛刷，自己就能洗～

姐妹们记住了吗？点赞收藏不迷路～ 💕

#钻石保养 #撤柜钻 #钻戒选购 #钻石4C

==================================================
📸 配图：钻石清洗步骤图解，自己在家洗
==================================================

✅ 文案已保存到：/Users/shangguan/.qclaw/workspace/diamond_posts_20260407.md

💎 小红书钻石科普文案 - 2026-04-08

==================================================

【第 1 篇】

==================================================
📱 小红书文案
==================================================

📌 标题：省钱攻略｜冷知识这样选立省几万！

📝 正文：

⭐ 最大的钻石=非洲之星530克拉，在英王权杖上～

姐妹们记住了吗？点赞收藏不迷路～ 💕

#婚戒 #珠宝知识 #避坑指南 #钻石科普

==================================================
📸 配图：婚戒佩戴位置图，左手无名指
==================================================


【第 2 篇】

==================================================
📱 小红书文案
==================================================

📌 标题：干货满满！保养知识小白必看！

📝 正文：

🔬 定期清洗！温水+洗洁精+软毛刷，自己就能洗～

姐妹们记住了吗？点赞收藏不迷路～ 💕

#钻石4C #钻戒选购 #钻石科普 #省钱攻略

==================================================
📸 配图：爪镶检查示意图，定期检查防脱落
==================================================


【第 3 篇】

==================================================
📱 小红书文案
==================================================

📌 标题：后悔没早知道！4C标准避坑指南

📝 正文：

⚖️ 克拉不是越大越好！切工差的大钻不如切工好的小钻～

姐妹们记住了吗？点赞收藏不迷路～ 💕

#求婚钻戒 #钻石4C #省钱攻略 #钻石科普

==================================================
📸 配图：不同切工对比图，火彩差异明显
==================================================

✅ 文案已保存到：/Users/shangguan/.qclaw/workspace/diamond_posts_20260408.md

💎 小红书钻石科普文案 - 2026-04-10

==================================================

【第 1 篇】

==================================================
📱 小红书文案
==================================================

📌 标题：柜姐不会告诉你的冷知识真相！

📝 正文：

🌍 钻石不稀有！只是戴比尔斯控制产量罢了～

姐妹们记住了吗？点赞收藏不迷路～ 💕

#钻石保养 #钻石冷知识 #GIA钻石 #钻石4C

==================================================
📸 配图：钻石结构图，碳原子排列
==================================================


【第 2 篇】

==================================================
📱 小红书文案
==================================================

📌 标题：干货满满！避坑指南小白必看！

📝 正文：

🚫 证书要对版！GIA证书号去官网查，别造假证骗你～

姐妹们记住了吗？点赞收藏不迷路～ 💕

#省钱攻略 #钻石保养 #珠宝知识 #钻石4C

==================================================
📸 配图：真假证书对比，教你识别假证
==================================================


【第 3 篇】

==================================================
📱 小红书文案
==================================================

📌 标题：撤柜钻真的香！撤柜优势省下一半钱！

📝 正文：

💰 撤柜钻=柜姐提成省掉=你省30-50%！

姐妹们记住了吗？点赞收藏不迷路～ 💕

#钻石科普 #省钱攻略 #避坑指南 #GIA钻石

==================================================
📸 配图：GIA证书+裸钻实拍，品质有保障
==================================================

✅ 文案已保存到：/Users/shangguan/.qclaw/workspace/diamond_posts_20260410.md

💎 小红书钻石科普文案 - 2026-04-11

==================================================

【第 1 篇】

==================================================
📱 小红书文案
==================================================

📌 标题：干货满满！4C标准小白必看！

📝 正文：

🔍 净度VVS/VS/SI，肉眼无差就够用！别被忽悠多花钱～

姐妹们记住了吗？点赞收藏不迷路～ 💕

#省钱攻略 #撤柜钻 #求婚钻戒 #钻石保养

==================================================
📸 配图：D-Z颜色渐变图，白到黄的变化
==================================================


【第 2 篇】

==================================================
📱 小红书文案
==================================================

📌 标题：柜姐不会告诉你的冷知识真相！

📝 正文：

⭐ 最大的钻石=非洲之星530克拉，在英王权杖上～

姐妹们记住了吗？点赞收藏不迷路～ 💕

#钻石科普 #省钱攻略 #婚戒 #求婚钻戒

==================================================
📸 配图：婚戒佩戴位置图，左手无名指
==================================================


【第 3 篇】

==================================================
📱 小红书文案
==================================================

📌 标题：柜姐不会告诉你的避坑指南真相！

📝 正文：

🚫 证书要对版！GIA证书号去官网查，别造假证骗你～

姐妹们记住了吗？点赞收藏不迷路～ 💕

#钻戒选购 #钻石冷知识 #GIA钻石 #钻石4C

==================================================
📸 配图：咖钻vs白钻对比，褐色调一眼看出
==================================================

✅ 文案已保存到：/Users/shangguan/.qclaw/workspace/diamond_posts_20260411.md

💎 小红书钻石科普文案 - 2026-04-12

==================================================

【第 1 篇】

==================================================
📱 小红书文案
==================================================

📌 标题：柜姐不会告诉你的避坑指南真相！

📝 正文：

🚫 证书要对版！GIA证书号去官网查，别造假证骗你～

姐妹们记住了吗？点赞收藏不迷路～ 💕

#求婚钻戒 #婚戒 #钻石4C #钻石冷知识

==================================================
📸 配图：真假证书对比，教你识别假证
==================================================


【第 2 篇】

==================================================
📱 小红书文案
==================================================

📌 标题：撤柜钻真的香！撤柜优势省下一半钱！

📝 正文：

🤝 找靠谱渠道！看证书、看实物、支持复检～

姐妹们记住了吗？点赞收藏不迷路～ 💕

#钻石4C #求婚钻戒 #珠宝知识 #钻戒选购

==================================================
📸 配图：GIA证书+裸钻实拍，品质有保障
==================================================


【第 3 篇】

==================================================
📱 小红书文案
==================================================

📌 标题：后悔没早知道！冷知识避坑指南

📝 正文：

🔥 钻石能烧没！高温下会变成二氧化碳～

姐妹们记住了吗？点赞收藏不迷路～ 💕

#婚戒 #钻石4C #钻石保养 #珠宝知识

==================================================
📸 配图：非洲之星图片，世界最大钻石
==================================================

✅ 文案已保存到：/Users/shangguan/.qclaw/workspace/diamond_posts_20260412.md

💎 小红书钻石科普文案 - 2026-04-13

==================================================

【第 1 篇】

==================================================
📱 小红书文案
==================================================

📌 标题：别被坑！撤柜优势避雷指南来了！

📝 正文：

✅ 撤柜也是GIA证书！品质一模一样，价格香爆～

姐妹们记住了吗？点赞收藏不迷路～ 💕

#婚戒 #撤柜钻 #钻石4C #GIA钻石

==================================================
📸 配图：同品质钻石对比，专柜撤柜一模一样
==================================================


【第 2 篇】

==================================================
📱 小红书文案
==================================================

📌 标题：别被坑！避坑指南避雷指南来了！

📝 正文：

🚫 别买奶钻！看着雾蒙蒙，火彩全无～

姐妹们记住了吗？点赞收藏不迷路～ 💕

#省钱攻略 #钻戒选购 #避坑指南 #撤柜钻

==================================================
📸 配图：奶钻vs正常钻对比，雾蒙蒙很明显
==================================================


【第 3 篇】

==================================================
📱 小红书文案
==================================================

📌 标题：省钱攻略｜保养知识这样选立省几万！

📝 正文：

🔬 定期清洗！温水+洗洁精+软毛刷，自己就能洗～

姐妹们记住了吗？点赞收藏不迷路～ 💕

#钻石4C #避坑指南 #珠宝知识 #钻戒选购

==================================================
📸 配图：钻戒存放方式，单独包装很重要
==================================================

✅ 文案已保存到：/Users/shangguan/.qclaw/workspace/diamond_posts_20260413.md

💎 小红书钻石科普文案 - 2026-04-14

==================================================

【第 1 篇】

==================================================
📱 小红书文案
==================================================

📌 标题：省钱攻略｜冷知识这样选立省几万！

📝 正文：

💍 婚戒戴左手无名指=古埃及相信这里有爱情静脉～

姐妹们记住了吗？点赞收藏不迷路～ 💕

#婚戒 #钻石4C #避坑指南 #钻戒选购

==================================================
📸 配图：婚戒佩戴位置图，左手无名指
==================================================


【第 2 篇】

==================================================
📱 小红书文案
==================================================

📌 标题：撤柜钻真的香！4C标准省下一半钱！

📝 正文：

🌈 颜色D-Z，D色最白最珍贵！H色性价比最高～

姐妹们记住了吗？点赞收藏不迷路～ 💕

#婚戒 #避坑指南 #钻石4C #求婚钻戒

==================================================
📸 配图：D-Z颜色渐变图，白到黄的变化
==================================================


【第 3 篇】

==================================================
📱 小红书文案
==================================================

📌 标题：干货满满！避坑指南小白必看！

📝 正文：

🚫 警惕咖钻！带褐色调，价值大打折扣～

姐妹们记住了吗？点赞收藏不迷路～ 💕

#钻石保养 #省钱攻略 #珠宝知识 #钻石4C

==================================================
📸 配图：咖钻vs白钻对比，褐色调一眼看出
==================================================

✅ 文案已保存到：/Users/shangguan/.qclaw/workspace/diamond_posts_20260414.md

💎 小红书钻石科普文案 - 2026-04-15

==================================================

【第 1 篇】

==================================================
📱 小红书文案
==================================================

📌 标题：省钱攻略｜保养知识这样选立省几万！

📝 正文：

🔬 定期清洗！温水+洗洁精+软毛刷，自己就能洗～

姐妹们记住了吗？点赞收藏不迷路～ 💕

#钻石保养 #省钱攻略 #求婚钻戒 #婚戒

==================================================
📸 配图：爪镶检查示意图，定期检查防脱落
==================================================


【第 2 篇】

==================================================
📱 小红书文案
==================================================

📌 标题：撤柜钻真的香！选购技巧省下一半钱！

📝 正文：

💡 预算有限？选H色+SI净度+3EX切工，完美平衡！

姐妹们记住了吗？点赞收藏不迷路～ 💕

#钻石冷知识 #求婚钻戒 #钻石保养 #珠宝知识

==================================================
📸 配图：不同形状钻石对比，圆钻vs异形钻
==================================================


【第 3 篇】

==================================================
📱 小红书文案
==================================================

📌 标题：撤柜钻真的香！撤柜优势省下一半钱！

📝 正文：

🏷️ 同品质GIA钻，专柜5万，撤柜2.5万！

姐妹们记住了吗？点赞收藏不迷路～ 💕

#钻石4C #求婚钻戒 #婚戒 #撤柜钻

==================================================
📸 配图：专柜vs撤柜价格对比表，差价一目了然
==================================================

✅ 文案已保存到：/Users/shangguan/.qclaw/workspace/diamond_posts_20260415.md

💎 小红书钻石科普文案 - 2026-04-16

==================================================

【第 1 篇】

==================================================
📱 小红书文案
==================================================

📌 标题：后悔没早知道！4C标准避坑指南

📝 正文：

🌈 颜色D-Z，D色最白最珍贵！H色性价比最高～

姐妹们记住了吗？点赞收藏不迷路～ 💕

#钻戒选购 #求婚钻戒 #婚戒 #省钱攻略

==================================================
📸 配图：4C标准示意图，四个维度一目了然
==================================================


【第 2 篇】

==================================================
📱 小红书文案
==================================================

📌 标题：干货满满！冷知识小白必看！

📝 正文：

🧊 钻石其实是碳！和铅笔芯同元素，结构不同而已～

姐妹们记住了吗？点赞收藏不迷路～ 💕

#钻戒选购 #婚戒 #撤柜钻 #求婚钻戒

==================================================
📸 配图：钻石结构图，碳原子排列
==================================================


【第 3 篇】

==================================================
📱 小红书文案
==================================================

📌 标题：撤柜钻真的香！避坑指南省下一半钱！

📝 正文：

🚫 别被「南非钻」忽悠！产地不影响品质，4C才是王道～

姐妹们记住了吗？点赞收藏不迷路～ 💕

#婚戒 #省钱攻略 #钻石保养 #求婚钻戒

==================================================
📸 配图：咖钻vs白钻对比，褐色调一眼看出
==================================================

✅ 文案已保存到：/Users/shangguan/.qclaw/workspace/diamond_posts_20260416.md

💎 小红书钻石科普文案 - 2026-04-17

==================================================

【第 1 篇】

==================================================
📱 小红书文案
==================================================

📌 标题：保养知识｜看完这篇就够了！

📝 正文：

✅ 每年检查爪！松了赶紧修，别把钻弄丢了～

姐妹们记住了吗？点赞收藏不迷路～ 💕

#婚戒 #钻石4C #求婚钻戒 #GIA钻石

==================================================
📸 配图：钻戒存放方式，单独包装很重要
==================================================


【第 2 篇】

==================================================
📱 小红书文案
==================================================

📌 标题：撤柜钻真的香！冷知识省下一半钱！

📝 正文：

🧊 钻石其实是碳！和铅笔芯同元素，结构不同而已～

姐妹们记住了吗？点赞收藏不迷路～ 💕

#珠宝知识 #钻石科普 #钻石4C #婚戒

==================================================
📸 配图：钻石结构图，碳原子排列
==================================================


【第 3 篇】

==================================================
📱 小红书文案
==================================================

📌 标题：别被坑！撤柜优势避雷指南来了！

📝 正文：

🏷️ 同品质GIA钻，专柜5万，撤柜2.5万！

姐妹们记住了吗？点赞收藏不迷路～ 💕

#GIA钻石 #钻石冷知识 #珠宝知识 #撤柜钻

==================================================
📸 配图：同品质钻石对比，专柜撤柜一模一样
==================================================

✅ 文案已保存到：/Users/shangguan/.qclaw/workspace/diamond_posts_20260417.md
