【今天天气 · 2026-03-29】
☀️ 上午: Partly Cloudy  21°C (体感21°C)
🌤️ 中午: Light drizzle 18°C (体感18°C)
🌆 傍晚: Clear  18°C (体感18°C)
🌡️ 气温: 16°C ~ 21°C
💨 风速: 11 km/h

【明天天气 · 2026-03-30】
☀️ 上午: Overcast  17°C (体感17°C)
🌤️ 中午: Partly Cloudy  15°C (体感15°C)
🌆 傍晚: Light rain 17°C (体感17°C)
🌡️ 气温: 15°C ~ 19°C
💨 风速: 14 km/h
【今天天气 · 2026-03-29】
☀️ 上午: Partly Cloudy  21°C (体感21°C)
🌤️ 中午: Light drizzle 18°C (体感18°C)
🌆 傍晚: Clear  18°C (体感18°C)
🌡️ 气温: 16°C ~ 21°C
💨 风速: 11 km/h

【明天天气 · 2026-03-30】
☀️ 上午: Overcast  17°C (体感17°C)
🌤️ 中午: Partly Cloudy  15°C (体感15°C)
🌆 傍晚: Light rain 17°C (体感17°C)
🌡️ 气温: 15°C ~ 19°C
💨 风速: 14 km/h
【今天天气 · 2026-03-30】
☀️ 上午: Patchy rain nearby 17°C (体感17°C)
🌤️ 中午: Clear  15°C (体感13°C)
🌆 傍晚: Patchy rain nearby 18°C (体感18°C)
🌡️ 气温: 14°C ~ 17°C
💨 风速: 13 km/h

【明天天气 · 2026-03-31】
☀️ 上午: Patchy rain nearby 15°C (体感15°C)
🌤️ 中午: Overcast  14°C (体感13°C)
🌆 傍晚: Partly Cloudy  14°C (体感13°C)
🌡️ 气温: 13°C ~ 17°C
💨 风速: 13 km/h
【今天天气 · 2026-03-31】
☀️ 上午: Patchy rain nearby 14°C (体感14°C)
🌤️ 中午: Cloudy  14°C (体感14°C)
🌆 傍晚: Clear  13°C (体感12°C)
🌡️ 气温: 12°C ~ 16°C
💨 风速: 11 km/h

【明天天气 · 2026-04-01】
☀️ 上午: Sunny 20°C (体感20°C)
🌤️ 中午: Clear  19°C (体感19°C)
🌆 傍晚: Clear  13°C (体感13°C)
🌡️ 气温: 12°C ~ 22°C
💨 风速: 7 km/h
获取天气失败: HTTP Error 500: Internal Server Error
获取天气失败: HTTP Error 500: Internal Server Error
获取天气失败: HTTP Error 500: Internal Server Error
【今天天气 · 2026-04-04】
☀️ 上午: Sunny 22°C (体感22°C)
🌤️ 中午: Clear  20°C (体感20°C)
🌆 傍晚: Clear  16°C (体感16°C)
🌡️ 气温: 14°C ~ 24°C
💨 风速: 9 km/h

【明天天气 · 2026-04-05】
☀️ 上午: Partly Cloudy  22°C (体感25°C)
🌤️ 中午: Clear  17°C (体感17°C)
🌆 傍晚: Clear  19°C (体感19°C)
🌡️ 气温: 17°C ~ 23°C
💨 风速: 7 km/h
获取天气失败: timed out
【今天天气 · 2026-04-07】
☀️ 上午: Patchy rain nearby 21°C (体感21°C)
🌤️ 中午: Cloudy  19°C (体感19°C)
🌆 傍晚: Patchy rain nearby 19°C (体感19°C)
🌡️ 气温: 18°C ~ 21°C
💨 风速: 7 km/h

【明天天气 · 2026-04-08】
☀️ 上午: Patchy rain nearby 18°C (体感18°C)
🌤️ 中午: Light rain shower 20°C (体感20°C)
🌆 傍晚: Partly Cloudy  19°C (体感19°C)
🌡️ 气温: 17°C ~ 23°C
💨 风速: 10 km/h
获取天气失败: HTTP Error 500: Internal Server Error
【今天天气 · 2026-04-10】
☀️ 上午: Sunny 24°C (体感26°C)
🌤️ 中午: Clear  22°C (体感25°C)
🌆 傍晚: Clear  20°C (体感20°C)
🌡️ 气温: 19°C ~ 27°C
💨 风速: 7 km/h

【明天天气 · 2026-04-11】
☀️ 上午: Light rain shower 22°C (体感25°C)
🌤️ 中午: Patchy rain nearby 20°C (体感20°C)
🌆 傍晚: Clear  21°C (体感21°C)
🌡️ 气温: 20°C ~ 23°C
💨 风速: 9 km/h
【今天天气 · 2026-04-11】
☀️ 上午: Patchy light rain 19°C (体感19°C)
🌤️ 中午: Overcast  18°C (体感18°C)
🌆 傍晚: Partly Cloudy  23°C (体感25°C)
🌡️ 气温: 17°C ~ 21°C
💨 风速: 10 km/h

【明天天气 · 2026-04-12】
☀️ 上午: Patchy rain nearby 22°C (体感22°C)
🌤️ 中午: Light drizzle 19°C (体感19°C)
🌆 傍晚: Overcast  18°C (体感18°C)
🌡️ 气温: 17°C ~ 22°C
💨 风速: 7 km/h
【今天天气 · 2026-04-12】
☀️ 上午: Partly Cloudy  23°C (体感25°C)
🌤️ 中午: Overcast  22°C (体感25°C)
🌆 傍晚: Patchy rain nearby 19°C (体感19°C)
🌡️ 气温: 17°C ~ 25°C
💨 风速: 8 km/h

【明天天气 · 2026-04-13】
☀️ 上午: Overcast  20°C (体感20°C)
🌤️ 中午: Patchy rain nearby 19°C (体感19°C)
🌆 傍晚: Overcast  21°C (体感21°C)
🌡️ 气温: 19°C ~ 21°C
💨 风速: 5 km/h
【今天天气 · 2026-04-13】
☀️ 上午: Cloudy  23°C (体感25°C)
🌤️ 中午: Patchy rain nearby 19°C (体感19°C)
🌆 傍晚: Partly Cloudy  18°C (体感18°C)
🌡️ 气温: 16°C ~ 24°C
💨 风速: 11 km/h

【明天天气 · 2026-04-14】
☀️ 上午: Overcast  18°C (体感18°C)
🌤️ 中午: Partly Cloudy  18°C (体感18°C)
🌆 傍晚: Patchy rain nearby 18°C (体感18°C)
🌡️ 气温: 17°C ~ 20°C
💨 风速: 14 km/h
获取天气失败: HTTP Error 500: Internal Server Error
获取天气失败: HTTP Error 500: Internal Server Error
【今天天气 · 2026-04-16】
☀️ 上午: Patchy rain nearby 21°C (体感21°C)
🌤️ 中午: Clear  19°C (体感19°C)
🌆 傍晚: Overcast  19°C (体感19°C)
🌡️ 气温: 19°C ~ 22°C
💨 风速: 7 km/h

【明天天气 · 2026-04-17】
☀️ 上午: Partly Cloudy  26°C (体感26°C)
🌤️ 中午: Partly Cloudy  23°C (体感25°C)
🌆 傍晚: Patchy rain nearby 19°C (体感19°C)
🌡️ 气温: 17°C ~ 28°C
💨 风速: 8 km/h
获取天气失败: HTTP Error 500: Internal Server Error
【今天天气 · 2026-04-18】
☀️ 上午: Sunny 27°C (体感27°C)
🌤️ 中午: Clear  24°C (体感25°C)
🌆 傍晚: Partly Cloudy  22°C (体感22°C)
🌡️ 气温: 19°C ~ 28°C
💨 风速: 6 km/h

【明天天气 · 2026-04-19】
☀️ 上午: Sunny 28°C (体感29°C)
🌤️ 中午: Partly Cloudy  26°C (体感27°C)
🌆 傍晚: Clear  23°C (体感25°C)
🌡️ 气温: 20°C ~ 30°C
💨 风速: 9 km/h
